<?xml version="1.0" encoding="utf-8"?><testsuites name="pytest tests"><testsuite name="pytest" errors="0" failures="0" skipped="0" tests="28" time="4.234" timestamp="2026-07-16T04:34:26.591132+00:00" hostname="agent-env-f6c6b623-ba80-478c-b7fe-2c5d3682084d"><testcase classname="tests.backend_test.TestRefData" name="test_events" time="0.262" /><testcase classname="tests.backend_test.TestRefData" name="test_organisations" time="0.202" /><testcase classname="tests.backend_test.TestCandidateFlow" name="test_register" time="0.526" /><testcase classname="tests.backend_test.TestRefData" name="test_districts" time="0.131" /><testcase classname="tests.backend_test.TestCandidateFlow" name="test_register_duplicate" time="0.076" /><testcase classname="tests.backend_test.TestRefData" name="test_categories" time="0.069" /><testcase classname="tests.backend_test.TestCandidateFlow" name="test_register_invalid_email" time="0.070" /><testcase classname="tests.backend_test.TestAuth" name="test_login_invalid" time="0.295" /><testcase classname="tests.backend_test.TestCandidateFlow" name="test_register_invalid_event" time="0.289" /><testcase classname="tests.backend_test.TestAuth" name="test_me_without_token" time="0.140" /><testcase classname="tests.backend_test.TestCandidateFlow" name="test_list_candidates_requires_auth" time="0.086" /><testcase classname="tests.backend_test.TestCandidateFlow" name="test_list_candidates" time="0.554" /><testcase classname="tests.backend_test.TestAuth" name="test_me_with_token" time="0.575" /><testcase classname="tests.backend_test.TestCandidateFlow" name="test_generate_test" time="0.643" /><testcase classname="tests.backend_test.TestQuestions" name="test_list_requires_auth" time="0.088" /><testcase classname="tests.backend_test.TestQuestions" name="test_list_seeded" time="0.080" /><testcase classname="tests.backend_test.TestQuestions" name="test_crud" time="0.239" /><testcase classname="tests.backend_test.TestReports" name="test_summary" time="0.132" /><testcase classname="tests.backend_test.TestReports" name="test_export" time="0.070" /><testcase classname="tests.backend_test.TestCandidateFlow" name="test_get_test" time="0.084" /><testcase classname="tests.backend_test.TestReports" name="test_export_filtered" time="0.115" /><testcase classname="tests.backend_test.TestCandidateFlow" name="test_submit_pass" time="0.195" /><testcase classname="tests.backend_test.TestEventsOrgs" name="test_event_crud" time="0.178" /><testcase classname="tests.backend_test.TestCandidateFlow" name="test_get_test_after_submit" time="0.076" /><testcase classname="tests.backend_test.TestEventsOrgs" name="test_org_crud" time="0.224" /><testcase classname="tests.backend_test.TestCandidateFlow" name="test_cert_pdf" time="0.085" /><testcase classname="tests.backend_test.TestCandidateFlow" name="test_cert_pdf_invalid" time="0.122" /><testcase classname="tests.backend_test.TestFailFlow" name="test_full_fail_flow" time="0.855" /></testsuite></testsuites>